# JRE version: Java(TM) SE Runtime Environment (17.0.1+12) (build 17.0.1+12-LTS-39)
# Java VM: Java HotSpot(TM) 64-Bit Server VM (17.0.1+12-LTS-39, mixed mode, emulated-client, sharing, tiered, compressed oops, compressed class ptrs, g1 gc, windows-amd64)
GC Precious Log:
 CPUs: 8 total, 8 available
 Memory: 7959M
 Large Page Support: Disabled
 NUMA Support: Disabled
 Compressed Oops: Enabled (32-bit)
 Heap Region Size: 1M
 Heap Min Capacity: 8M
 Heap Initial Capacity: 126M
 Heap Max Capacity: 1990M
 Pre-touch: Disabled
 Parallel Workers: 8
 Concurrent Workers: 2
 Concurrent Refinement Workers: 8
 Periodic GC: Disabled
Heap:
 garbage-first heap   total 129024K, used 13221K [0x0000000083a00000, 0x0000000100000000)
  region size 1024K, 5 young (5120K), 5 survivors (5120K)
 Metaspace       used 21186K, committed 21504K, reserved 1073152K
  class space    used 2831K, committed 3008K, reserved 1048576K
GC Heap History (13 events):
Event: 1.287 GC heap before
{Heap before GC invocations=0 (full 0):
 garbage-first heap   total 129024K, used 23552K [0x0000000083a00000, 0x0000000100000000)
  region size 1024K, 23 young (23552K), 0 survivors (0K)
 Metaspace       used 5491K, committed 5696K, reserved 1056768K
  class space    used 652K, committed 768K, reserved 1048576K
}
Event: 1.295 GC heap after
{Heap after GC invocations=1 (full 0):
 garbage-first heap   total 129024K, used 6994K [0x0000000083a00000, 0x0000000100000000)
  region size 1024K, 3 young (3072K), 3 survivors (3072K)
 Metaspace       used 5491K, committed 5696K, reserved 1056768K
  class space    used 652K, committed 768K, reserved 1048576K
}
Event: 1.611 GC heap before
{Heap before GC invocations=1 (full 0):
 garbage-first heap   total 129024K, used 31570K [0x0000000083a00000, 0x0000000100000000)
  region size 1024K, 28 young (28672K), 3 survivors (3072K)
 Metaspace       used 7974K, committed 8192K, reserved 1056768K
  class space    used 989K, committed 1088K, reserved 1048576K
}
Event: 1.618 GC heap after
{Heap after GC invocations=2 (full 0):
 garbage-first heap   total 129024K, used 8578K [0x0000000083a00000, 0x0000000100000000)
  region size 1024K, 2 young (2048K), 2 survivors (2048K)
 Metaspace       used 7974K, committed 8192K, reserved 1056768K
  class space    used 989K, committed 1088K, reserved 1048576K
}
Event: 1.645 GC heap before
{Heap before GC invocations=2 (full 0):
 garbage-first heap   total 129024K, used 60802K [0x0000000083a00000, 0x0000000100000000)
  region size 1024K, 54 young (55296K), 2 survivors (2048K)
 Metaspace       used 7997K, committed 8192K, reserved 1056768K
  class space    used 994K, committed 1088K, reserved 1048576K
}
Event: 1.648 GC heap after
{Heap after GC invocations=3 (full 0):
 garbage-first heap   total 129024K, used 8686K [0x0000000083a00000, 0x0000000100000000)
  region size 1024K, 2 young (2048K), 2 survivors (2048K)
 Metaspace       used 7997K, committed 8192K, reserved 1056768K
  class space    used 994K, committed 1088K, reserved 1048576K
}
Event: 2.030 GC heap before
{Heap before GC invocations=3 (full 0):
 garbage-first heap   total 129024K, used 82414K [0x0000000083a00000, 0x0000000100000000)
  region size 1024K, 75 young (76800K), 2 survivors (2048K)
 Metaspace       used 10125K, committed 10368K, reserved 1064960K
  class space    used 1303K, committed 1408K, reserved 1048576K
}
Event: 2.034 GC heap after
{Heap after GC invocations=4 (full 0):
 garbage-first heap   total 129024K, used 9216K [0x0000000083a00000, 0x0000000100000000)
  region size 1024K, 2 young (2048K), 2 survivors (2048K)
 Metaspace       used 10125K, committed 10368K, reserved 1064960K
  class space    used 1303K, committed 1408K, reserved 1048576K
}
Event: 3.137 GC heap before
{Heap before GC invocations=4 (full 0):
 garbage-first heap   total 129024K, used 82944K [0x0000000083a00000, 0x0000000100000000)
  region size 1024K, 75 young (76800K), 2 survivors (2048K)
 Metaspace       used 19293K, committed 19584K, reserved 1073152K
  class space    used 2624K, committed 2752K, reserved 1048576K
}
Event: 3.145 GC heap after
{Heap after GC invocations=5 (full 0):
 garbage-first heap   total 129024K, used 12633K [0x0000000083a00000, 0x0000000100000000)
  region size 1024K, 6 young (6144K), 6 survivors (6144K)
 Metaspace       used 19293K, committed 19584K, reserved 1073152K
  class space    used 2624K, committed 2752K, reserved 1048576K
}
Event: 3.157 GC heap before
{Heap before GC invocations=5 (full 0):
 garbage-first heap   total 129024K, used 82265K [0x0000000083a00000, 0x0000000100000000)
  region size 1024K, 75 young (76800K), 6 survivors (6144K)
 Metaspace       used 19303K, committed 19584K, reserved 1073152K
  class space    used 2626K, committed 2752K, reserved 1048576K
}
Event: 3.163 GC heap after
{Heap after GC invocations=6 (full 0):
 garbage-first heap   total 129024K, used 12896K [0x0000000083a00000, 0x0000000100000000)
  region size 1024K, 5 young (5120K), 5 survivors (5120K)
 Metaspace       used 19303K, committed 19584K, reserved 1073152K
  class space    used 2626K, committed 2752K, reserved 1048576K
}
Event: 3.313 GC heap before
{Heap before GC invocations=6 (full 0):
 garbage-first heap   total 129024K, used 57952K [0x0000000083a00000, 0x0000000100000000)
  region size 1024K, 51 young (52224K), 5 survivors (5120K)
 Metaspace       used 21186K, committed 21504K, reserved 1073152K
  class space    used 2831K, committed 3008K, reserved 1048576K
}

