# JRE version: Java(TM) SE Runtime Environment (17.0.1+12) (build 17.0.1+12-LTS-39)
# Java VM: Java HotSpot(TM) 64-Bit Server VM (17.0.1+12-LTS-39, mixed mode, emulated-client, sharing, tiered, compressed oops, compressed class ptrs, g1 gc, windows-amd64)
GC Precious Log:
 CPUs: 8 total, 8 available
 Memory: 7959M
 Large Page Support: Disabled
 NUMA Support: Disabled
 Compressed Oops: Enabled (32-bit)
 Heap Region Size: 1M
 Heap Min Capacity: 8M
 Heap Initial Capacity: 126M
 Heap Max Capacity: 1990M
 Pre-touch: Disabled
 Parallel Workers: 8
 Concurrent Workers: 2
 Concurrent Refinement Workers: 8
 Periodic GC: Disabled
Heap:
 garbage-first heap   total 129024K, used 13144K [0x0000000083a00000, 0x0000000100000000)
  region size 1024K, 6 young (6144K), 6 survivors (6144K)
 Metaspace       used 21181K, committed 21504K, reserved 1073152K
  class space    used 2826K, committed 3008K, reserved 1048576K
GC Heap History (13 events):
Event: 1.296 GC heap before
{Heap before GC invocations=0 (full 0):
 garbage-first heap   total 129024K, used 23552K [0x0000000083a00000, 0x0000000100000000)
  region size 1024K, 23 young (23552K), 0 survivors (0K)
 Metaspace       used 5549K, committed 5760K, reserved 1056768K
  class space    used 668K, committed 768K, reserved 1048576K
}
Event: 1.303 GC heap after
{Heap after GC invocations=1 (full 0):
 garbage-first heap   total 129024K, used 7509K [0x0000000083a00000, 0x0000000100000000)
  region size 1024K, 3 young (3072K), 3 survivors (3072K)
 Metaspace       used 5549K, committed 5760K, reserved 1056768K
  class space    used 668K, committed 768K, reserved 1048576K
}
Event: 1.650 GC heap before
{Heap before GC invocations=1 (full 0):
 garbage-first heap   total 129024K, used 33109K [0x0000000083a00000, 0x0000000100000000)
  region size 1024K, 29 young (29696K), 3 survivors (3072K)
 Metaspace       used 8060K, committed 8256K, reserved 1056768K
  class space    used 1002K, committed 1088K, reserved 1048576K
}
Event: 1.657 GC heap after
{Heap after GC invocations=2 (full 0):
 garbage-first heap   total 129024K, used 8652K [0x0000000083a00000, 0x0000000100000000)
  region size 1024K, 2 young (2048K), 2 survivors (2048K)
 Metaspace       used 8060K, committed 8256K, reserved 1056768K
  class space    used 1002K, committed 1088K, reserved 1048576K
}
Event: 1.693 GC heap before
{Heap before GC invocations=2 (full 0):
 garbage-first heap   total 129024K, used 82380K [0x0000000083a00000, 0x0000000100000000)
  region size 1024K, 75 young (76800K), 2 survivors (2048K)
 Metaspace       used 8060K, committed 8256K, reserved 1056768K
  class space    used 1002K, committed 1088K, reserved 1048576K
}
Event: 1.695 GC heap after
{Heap after GC invocations=3 (full 0):
 garbage-first heap   total 129024K, used 8756K [0x0000000083a00000, 0x0000000100000000)
  region size 1024K, 2 young (2048K), 2 survivors (2048K)
 Metaspace       used 8060K, committed 8256K, reserved 1056768K
  class space    used 1002K, committed 1088K, reserved 1048576K
}
Event: 2.685 GC heap before
{Heap before GC invocations=3 (full 0):
 garbage-first heap   total 129024K, used 82484K [0x0000000083a00000, 0x0000000100000000)
  region size 1024K, 75 young (76800K), 2 survivors (2048K)
 Metaspace       used 14208K, committed 14528K, reserved 1064960K
  class space    used 1923K, committed 2112K, reserved 1048576K
}
Event: 2.688 GC heap after
{Heap after GC invocations=4 (full 0):
 garbage-first heap   total 129024K, used 10323K [0x0000000083a00000, 0x0000000100000000)
  region size 1024K, 3 young (3072K), 3 survivors (3072K)
 Metaspace       used 14208K, committed 14528K, reserved 1064960K
  class space    used 1923K, committed 2112K, reserved 1048576K
}
Event: 3.150 GC heap before
{Heap before GC invocations=4 (full 0):
 garbage-first heap   total 129024K, used 83027K [0x0000000083a00000, 0x0000000100000000)
  region size 1024K, 75 young (76800K), 3 survivors (3072K)
 Metaspace       used 19123K, committed 19392K, reserved 1073152K
  class space    used 2611K, committed 2752K, reserved 1048576K
}
Event: 3.155 GC heap after
{Heap after GC invocations=5 (full 0):
 garbage-first heap   total 129024K, used 12279K [0x0000000083a00000, 0x0000000100000000)
  region size 1024K, 5 young (5120K), 5 survivors (5120K)
 Metaspace       used 19123K, committed 19392K, reserved 1073152K
  class space    used 2611K, committed 2752K, reserved 1048576K
}
Event: 3.165 GC heap before
{Heap before GC invocations=5 (full 0):
 garbage-first heap   total 129024K, used 82935K [0x0000000083a00000, 0x0000000100000000)
  region size 1024K, 75 young (76800K), 5 survivors (5120K)
 Metaspace       used 19141K, committed 19456K, reserved 1073152K
  class space    used 2613K, committed 2752K, reserved 1048576K
}
Event: 3.169 GC heap after
{Heap after GC invocations=6 (full 0):
 garbage-first heap   total 129024K, used 12766K [0x0000000083a00000, 0x0000000100000000)
  region size 1024K, 6 young (6144K), 6 survivors (6144K)
 Metaspace       used 19141K, committed 19456K, reserved 1073152K
  class space    used 2613K, committed 2752K, reserved 1048576K
}
Event: 3.298 GC heap before
{Heap before GC invocations=6 (full 0):
 garbage-first heap   total 129024K, used 30174K [0x0000000083a00000, 0x0000000100000000)
  region size 1024K, 25 young (25600K), 6 survivors (6144K)
 Metaspace       used 21181K, committed 21504K, reserved 1073152K
  class space    used 2826K, committed 3008K, reserved 1048576K
}

